\BOOKMARK [1][-]{section.1}{Course Description}{}% 1
\BOOKMARK [1][-]{section.2}{Expected Learning Outcomes and Objectives}{}% 2
\BOOKMARK [1][-]{section.3}{Responsibilities of the Student}{}% 3
\BOOKMARK [2][-]{subsection.3.1}{Class Time and Location}{section.3}% 4
\BOOKMARK [2][-]{subsection.3.2}{Instructor}{section.3}% 5
\BOOKMARK [2][-]{subsection.3.3}{Recommended Texts}{section.3}% 6
\BOOKMARK [1][-]{section.4}{Mode of Instruction}{}% 7
\BOOKMARK [1][-]{section.5}{Course Materials}{}% 8
\BOOKMARK [1][-]{section.6}{Attendance Policy}{}% 9
\BOOKMARK [1][-]{section.7}{Course Assessment}{}% 10
\BOOKMARK [2][-]{subsection.7.1}{Participation and Engagement}{section.7}% 11
\BOOKMARK [2][-]{subsection.7.2}{Lab journal}{section.7}% 12
\BOOKMARK [2][-]{subsection.7.3}{Final report}{section.7}% 13
\BOOKMARK [1][-]{section.8}{Grading}{}% 14
\BOOKMARK [1][-]{section.9}{Grading Scale}{}% 15
\BOOKMARK [1][-]{section.10}{Missing In-class Activities}{}% 16
\BOOKMARK [2][-]{subsection.10.1}{Illness Based Absence Policy}{section.10}% 17
\BOOKMARK [1][-]{section.11}{COVID-19 Statement}{}% 18
\BOOKMARK [1][-]{section.12}{Special Considerations}{}% 19
\BOOKMARK [2][-]{subsection.12.1}{ADA Statement}{section.12}% 20
\BOOKMARK [2][-]{subsection.12.2}{Religious Holy Days}{section.12}% 21
\BOOKMARK [1][-]{section.13}{TTU Resources for Discrimination, Harassment, and Sexual Violence}{}% 22
\BOOKMARK [1][-]{section.14}{Student Support Statement}{}% 23
\BOOKMARK [1][-]{section.15}{Classroom Civility}{}% 24
\BOOKMARK [1][-]{section.16}{Academic Integrity}{}% 25
\BOOKMARK [1][-]{section.17}{Plagiarism Statement}{}% 26
\BOOKMARK [1][-]{section.18}{Statement about Food Insecurity}{}% 27
\BOOKMARK [1][-]{section.19}{Creating Livable Futures}{}% 28
